0 info it worked if it ends with ok
1 verbose cli [ '/usr/local/bin/node', '/usr/local/bin/npm', 'run', 'eslint' ]
2 info using npm@4.1.2
3 info using node@v7.5.0
4 verbose run-script [ 'preeslint', 'eslint', 'posteslint' ]
5 info lifecycle react-boilerplate@1.0.0~preeslint: react-boilerplate@1.0.0
6 silly lifecycle react-boilerplate@1.0.0~preeslint: no script for preeslint, continuing
7 info lifecycle react-boilerplate@1.0.0~eslint: react-boilerplate@1.0.0
8 verbose lifecycle react-boilerplate@1.0.0~eslint: unsafe-perm in lifecycle true
9 verbose lifecycle react-boilerplate@1.0.0~eslint: PATH: /usr/local/lib/node_modules/npm/bin/node-gyp-bin:/lightway-web/react-test/node_modules/.bin:/usr/local/bin:/usr/bin:/bin:/usr/sbin:/sbin
10 verbose lifecycle react-boilerplate@1.0.0~eslint: CWD: /lightway-web/react-test
11 silly lifecycle react-boilerplate@1.0.0~eslint: Args: [ '-c', 'eslint --ext .js --ext .jsx src' ]
12 silly lifecycle react-boilerplate@1.0.0~eslint: Returned: code: 1  signal: null
13 info lifecycle react-boilerplate@1.0.0~eslint: Failed to exec eslint script
14 verbose stack Error: react-boilerplate@1.0.0 eslint: `eslint --ext .js --ext .jsx src`
14 verbose stack Exit status 1
14 verbose stack     at EventEmitter.<anonymous> (/usr/local/lib/node_modules/npm/lib/utils/lifecycle.js:279:16)
14 verbose stack     at emitTwo (events.js:106:13)
14 verbose stack     at EventEmitter.emit (events.js:192:7)
14 verbose stack     at ChildProcess.<anonymous> (/usr/local/lib/node_modules/npm/lib/utils/spawn.js:40:14)
14 verbose stack     at emitTwo (events.js:106:13)
14 verbose stack     at ChildProcess.emit (events.js:192:7)
14 verbose stack     at maybeClose (internal/child_process.js:890:16)
14 verbose stack     at Process.ChildProcess._handle.onexit (internal/child_process.js:226:5)
15 verbose pkgid react-boilerplate@1.0.0
16 verbose cwd /lightway-web/react-test
17 error Darwin 16.3.0
18 error argv "/usr/local/bin/node" "/usr/local/bin/npm" "run" "eslint"
19 error node v7.5.0
20 error npm  v4.1.2
21 error code ELIFECYCLE
22 error react-boilerplate@1.0.0 eslint: `eslint --ext .js --ext .jsx src`
22 error Exit status 1
23 error Failed at the react-boilerplate@1.0.0 eslint script 'eslint --ext .js --ext .jsx src'.
23 error Make sure you have the latest version of node.js and npm installed.
23 error If you do, this is most likely a problem with the react-boilerplate package,
23 error not with npm itself.
23 error Tell the author that this fails on your system:
23 error     eslint --ext .js --ext .jsx src
23 error You can get information on how to open an issue for this project with:
23 error     npm bugs react-boilerplate
23 error Or if that isn't available, you can get their info via:
23 error     npm owner ls react-boilerplate
23 error There is likely additional logging output above.
24 verbose exit [ 1, true ]
